<?xml version="1.0" encoding="UTF-8"?>
<testsuite xmlns:xsi="http://www.w3.org/2001/XMLSchema-instance" xsi:noNamespaceSchemaLocation="https://maven.apache.org/surefire/maven-surefire-plugin/xsd/surefire-test-report.xsd" name="org.ambpro.katatennis.tests.PlayTennisTest" time="0.1" tests="15" errors="0" skipped="0" failures="0">
  <properties>
[...]
</properties>
  <testcase name="testTennisApplicationLaunchedAfterPlayingInstructionsPlayerKeysIsEnteredShouldDisplayScore" classname="org.ambpro.katatennis.tests.PlayTennisTest" time="0.014"/>
  <testcase name="testTennisApplicationLaunchedDisplayInstructions{int, String}[1]" classname="org.ambpro.katatennis.tests.PlayTennisTest" time="0.016"/>
  <testcase name="testTennisApplicationLaunchedDisplayInstructions{int, String}[2]" classname="org.ambpro.katatennis.tests.PlayTennisTest" time="0.001"/>
  <testcase name="testTennisApplicationLaunchedDisplayInstructions{int, String}[3]" classname="org.ambpro.katatennis.tests.PlayTennisTest" time="0.001"/>
  <testcase name="testTennisApplicationLaunchedDisplayInstructions{int, String}[4]" classname="org.ambpro.katatennis.tests.PlayTennisTest" time="0.001"/>
  <testcase name="testTennisApplicationLaunchedDisplayInstructions{int, String}[5]" classname="org.ambpro.katatennis.tests.PlayTennisTest" time="0.001"/>
  <testcase name="testTennisApplicationLaunchedDisplayInstructions{int, String}[6]" classname="org.ambpro.katatennis.tests.PlayTennisTest" time="0.001"/>
  <testcase name="testTennisApplicationLaunchedAfterPlayingInstructionsPlayerKeysIsEnteredShouldIncreasePlayerScore{int}[1]" classname="org.ambpro.katatennis.tests.PlayTennisTest" time="0"/>
  <testcase name="testTennisApplicationLaunchedAfterPlayingInstructionsPlayerKeysIsEnteredShouldIncreasePlayerScore{int}[2]" classname="org.ambpro.katatennis.tests.PlayTennisTest" time="0.002"/>
  <testcase name="testTennisApplicationLaunchedAfterPlayingInstructionsPlayerKeysIsEnteredShouldIncreasePlayerScore{int}[3]" classname="org.ambpro.katatennis.tests.PlayTennisTest" time="0.001"/>
  <testcase name="testTennisApplicationLaunchedAfterPlayingInstructionsShouldValidateUserInputAndDisplayInvalidInputIfInputInvalid" classname="org.ambpro.katatennis.tests.PlayTennisTest" time="0.001"/>
  <testcase name="testTennisApplicationCanBeLaunched" classname="org.ambpro.katatennis.tests.PlayTennisTest" time="0.001"/>
  <testcase name="testTennisApplicationLaunchedAfterPlayer2NamePromptShouldAssignEntryToSecondPlayerName" classname="org.ambpro.katatennis.tests.PlayTennisTest" time="0.001"/>
  <testcase name="testTennisApplicationLaunchedAfterPlayer1NamePromptShouldAssignEntryToFirstPlayerName" classname="org.ambpro.katatennis.tests.PlayTennisTest" time="0.001"/>
  <testcase name="testTennisApplicationLaunchedAfterPlayingInstructionsPlayer1WinsShouldDisplayScoreAndExit" classname="org.ambpro.katatennis.tests.PlayTennisTest" time="0.001"/>
</testsuite>